SERVER Listening for connections on port 6502.
SERVER Logging to file reserver-monitor.log
SERVER Running in monitor mode.
SERVER Client 192.168.1.71:6502 not found, creating game id: 0053 Shanghai, max players: 2
GAME #0 0053 Shanghai --> Logon new player 1
GAME #0 0053 Shanghai --> Game starting in 9
GAME #0 0053 Shanghai --> Game starting in 8
GAME #0 0053 Shanghai --> Game starting in 7
GAME #0 0053 Shanghai --> Game starting in 6
GAME #0 0053 Shanghai --> Game starting in 5
GAME #0 0053 Shanghai --> Game starting in 4
GAME #0 0053 Shanghai --> Game starting in 3
GAME #0 0053 Shanghai --> Game starting in 2
GAME #0 0053 Shanghai --> Game starting in 1
GAME #0 0053 Shanghai --> Logon ended, players: 2 
DEBUG GAME PKT: 03 03 00 00 F9 - Seq=0 Plr=0 Msg=3
GAME #0 0053 Shanghai --> DATA player 0 data for seq 0 - header:00000011, data size:3
DEBUG GAME PKT: 03 0B 00 00 F9 - Seq=0 Plr=1 Msg=3
GAME #0 0053 Shanghai --> DATA player 1 data for seq 0 - header:00001011, data size:3
DEBUG GAME PKT: 03 83 00 00 79 - Seq=1 Plr=0 Msg=3
GAME #0 0053 Shanghai --> DATA player 0 data for seq 1 - header:10000011, data size:3
DEBUG GAME PKT: 03 8B 00 00 79 - Seq=1 Plr=1 Msg=3
GAME #0 0053 Shanghai --> DATA player 1 data for seq 1 - header:10001011, data size:3
GAME #0 0053 Shanghai --> SEQ Full sequence starting, last sequence time: 121 ms
DEBUG GAME PKT: 03 03 00 00 F9 - Seq=0 Plr=0 Msg=3
GAME #0 0053 Shanghai --> DATA player 0 data for seq 0 - header:00000011, data size:3
DEBUG GAME PKT: 03 0B 00 00 F9 - Seq=0 Plr=1 Msg=3
GAME #0 0053 Shanghai --> DATA player 1 data for seq 0 - header:00001011, data size:3
DEBUG GAME PKT: 03 83 00 00 79 - Seq=1 Plr=0 Msg=3
GAME #0 0053 Shanghai --> DATA player 0 data for seq 1 - header:10000011, data size:3
DEBUG GAME PKT: 03 8B 00 00 79 - Seq=1 Plr=1 Msg=3
GAME #0 0053 Shanghai --> DATA player 1 data for seq 1 - header:10001011, data size:3
GAME #0 0053 Shanghai --> SEQ Full sequence starting, last sequence time: 69 ms
DEBUG GAME PKT: 03 03 00 00 F9 - Seq=0 Plr=0 Msg=3
GAME #0 0053 Shanghai --> DATA player 0 data for seq 0 - header:00000011, data size:3
DEBUG GAME PKT: 03 0B 00 00 F9 - Seq=0 Plr=1 Msg=3
GAME #0 0053 Shanghai --> DATA player 1 data for seq 0 - header:00001011, data size:3
DEBUG GAME PKT: 03 83 00 00 79 - Seq=1 Plr=0 Msg=3
GAME #0 0053 Shanghai --> DATA player 0 data for seq 1 - header:10000011, data size:3
DEBUG GAME PKT: 03 8B 00 00 79 - Seq=1 Plr=1 Msg=3
GAME #0 0053 Shanghai --> DATA player 1 data for seq 1 - header:10001011, data size:3
GAME #0 0053 Shanghai --> SEQ Full sequence starting, last sequence time: 100 ms
DEBUG GAME PKT: 03 03 00 00 F9 - Seq=0 Plr=0 Msg=3
GAME #0 0053 Shanghai --> DATA player 0 data for seq 0 - header:00000011, data size:3
DEBUG GAME PKT: 03 0B 00 00 F9 - Seq=0 Plr=1 Msg=3
GAME #0 0053 Shanghai --> DATA player 1 data for seq 0 - header:00001011, data size:3
DEBUG GAME PKT: 03 83 00 00 79 - Seq=1 Plr=0 Msg=3
GAME #0 0053 Shanghai --> DATA player 0 data for seq 1 - header:10000011, data size:3
DEBUG GAME PKT: 03 8B 00 00 79 - Seq=1 Plr=1 Msg=3
GAME #0 0053 Shanghai --> DATA player 1 data for seq 1 - header:10001011, data size:3
GAME #0 0053 Shanghai --> SEQ Full sequence starting, last sequence time: 100 ms
DEBUG GAME PKT: 03 03 00 00 F9 - Seq=0 Plr=0 Msg=3
GAME #0 0053 Shanghai --> DATA player 0 data for seq 0 - header:00000011, data size:3
DEBUG GAME PKT: 03 0B 00 00 F9 - Seq=0 Plr=1 Msg=3
GAME #0 0053 Shanghai --> DATA player 1 data for seq 0 - header:00001011, data size:3
DEBUG GAME PKT: 03 83 00 00 79 - Seq=1 Plr=0 Msg=3
GAME #0 0053 Shanghai --> DATA player 0 data for seq 1 - header:10000011, data size:3
DEBUG GAME PKT: 03 8B 00 00 79 - Seq=1 Plr=1 Msg=3
GAME #0 0053 Shanghai --> DATA player 1 data for seq 1 - header:10001011, data size:3
GAME #0 0053 Shanghai --> SEQ Full sequence starting, last sequence time: 102 ms
DEBUG GAME PKT: 03 03 00 00 F9 - Seq=0 Plr=0 Msg=3
GAME #0 0053 Shanghai --> DATA player 0 data for seq 0 - header:00000011, data size:3
DEBUG GAME PKT: 03 0B 00 00 F9 - Seq=0 Plr=1 Msg=3
GAME #0 0053 Shanghai --> DATA player 1 data for seq 0 - header:00001011, data size:3
DEBUG GAME PKT: 03 83 00 00 79 - Seq=1 Plr=0 Msg=3
GAME #0 0053 Shanghai --> DATA player 0 data for seq 1 - header:10000011, data size:3
DEBUG GAME PKT: 03 8B 00 00 79 - Seq=1 Plr=1 Msg=3
GAME #0 0053 Shanghai --> DATA player 1 data for seq 1 - header:10001011, data size:3
GAME #0 0053 Shanghai --> SEQ Full sequence starting, last sequence time: 99 ms
DEBUG GAME PKT: 03 03 00 00 F9 - Seq=0 Plr=0 Msg=3
GAME #0 0053 Shanghai --> DATA player 0 data for seq 0 - header:00000011, data size:3
DEBUG GAME PKT: 03 0B 00 00 F9 - Seq=0 Plr=1 Msg=3
GAME #0 0053 Shanghai --> DATA player 1 data for seq 0 - header:00001011, data size:3
DEBUG GAME PKT: 03 83 00 00 79 - Seq=1 Plr=0 Msg=3
GAME #0 0053 Shanghai --> DATA player 0 data for seq 1 - header:10000011, data size:3
DEBUG GAME PKT: 03 8B 00 00 79 - Seq=1 Plr=1 Msg=3
GAME #0 0053 Shanghai --> DATA player 1 data for seq 1 - header:10001011, data size:3
GAME #0 0053 Shanghai --> SEQ Full sequence starting, last sequence time: 105 ms
DEBUG GAME PKT: 03 03 00 00 F9 - Seq=0 Plr=0 Msg=3
GAME #0 0053 Shanghai --> DATA player 0 data for seq 0 - header:00000011, data size:3
DEBUG GAME PKT: 03 0B 00 00 F9 - Seq=0 Plr=1 Msg=3
GAME #0 0053 Shanghai --> DATA player 1 data for seq 0 - header:00001011, data size:3
DEBUG GAME PKT: 03 83 00 00 79 - Seq=1 Plr=0 Msg=3
GAME #0 0053 Shanghai --> DATA player 0 data for seq 1 - header:10000011, data size:3
DEBUG GAME PKT: 03 8B 00 00 79 - Seq=1 Plr=1 Msg=3
GAME #0 0053 Shanghai --> DATA player 1 data for seq 1 - header:10001011, data size:3
GAME #0 0053 Shanghai --> SEQ Full sequence starting, last sequence time: 94 ms
DEBUG GAME PKT: 03 03 00 00 F9 - Seq=0 Plr=0 Msg=3
GAME #0 0053 Shanghai --> DATA player 0 data for seq 0 - header:00000011, data size:3
DEBUG GAME PKT: 03 0B 00 00 F9 - Seq=0 Plr=1 Msg=3
GAME #0 0053 Shanghai --> DATA player 1 data for seq 0 - header:00001011, data size:3
DEBUG GAME PKT: 03 83 00 00 79 - Seq=1 Plr=0 Msg=3
GAME #0 0053 Shanghai --> DATA player 0 data for seq 1 - header:10000011, data size:3
DEBUG GAME PKT: 03 8B 00 00 79 - Seq=1 Plr=1 Msg=3
GAME #0 0053 Shanghai --> DATA player 1 data for seq 1 - header:10001011, data size:3
GAME #0 0053 Shanghai --> SEQ Full sequence starting, last sequence time: 101 ms
DEBUG GAME PKT: 03 03 00 00 F9 - Seq=0 Plr=0 Msg=3
GAME #0 0053 Shanghai --> DATA player 0 data for seq 0 - header:00000011, data size:3
DEBUG GAME PKT: 03 0B 00 00 F9 - Seq=0 Plr=1 Msg=3
GAME #0 0053 Shanghai --> DATA player 1 data for seq 0 - header:00001011, data size:3
DEBUG GAME PKT: 03 83 00 00 79 - Seq=1 Plr=0 Msg=3
GAME #0 0053 Shanghai --> DATA player 0 data for seq 1 - header:10000011, data size:3
DEBUG GAME PKT: 03 8B 00 00 79 - Seq=1 Plr=1 Msg=3
GAME #0 0053 Shanghai --> DATA player 1 data for seq 1 - header:10001011, data size:3
GAME #0 0053 Shanghai --> SEQ Full sequence starting, last sequence time: 100 ms
DEBUG GAME PKT: 03 03 00 00 F9 - Seq=0 Plr=0 Msg=3
GAME #0 0053 Shanghai --> DATA player 0 data for seq 0 - header:00000011, data size:3
DEBUG GAME PKT: 03 0B 00 00 F9 - Seq=0 Plr=1 Msg=3
GAME #0 0053 Shanghai --> DATA player 1 data for seq 0 - header:00001011, data size:3
DEBUG GAME PKT: 03 83 00 00 79 - Seq=1 Plr=0 Msg=3
GAME #0 0053 Shanghai --> DATA player 0 data for seq 1 - header:10000011, data size:3
DEBUG GAME PKT: 03 8B 00 00 79 - Seq=1 Plr=1 Msg=3
GAME #0 0053 Shanghai --> DATA player 1 data for seq 1 - header:10001011, data size:3
GAME #0 0053 Shanghai --> SEQ Full sequence starting, last sequence time: 109 ms
DEBUG GAME PKT: 03 03 00 00 F9 - Seq=0 Plr=0 Msg=3
GAME #0 0053 Shanghai --> DATA player 0 data for seq 0 - header:00000011, data size:3
DEBUG GAME PKT: 03 0B 00 00 F9 - Seq=0 Plr=1 Msg=3
GAME #0 0053 Shanghai --> DATA player 1 data for seq 0 - header:00001011, data size:3
DEBUG GAME PKT: 03 03 00 00 F9 - Seq=0 Plr=0 Msg=3
GAME #0 0053 Shanghai --> DATA player 0 data for seq 0 - header:00000011, data size:3
DEBUG GAME PKT: 03 0B 00 00 F9 - Seq=0 Plr=1 Msg=3
GAME #0 0053 Shanghai --> DATA player 1 data for seq 0 - header:00001011, data size:3
DEBUG GAME PKT: 03 83 00 00 79 - Seq=1 Plr=0 Msg=3
GAME #0 0053 Shanghai --> DATA player 0 data for seq 1 - header:10000011, data size:3
DEBUG GAME PKT: 03 8B 00 00 79 - Seq=1 Plr=1 Msg=3
GAME #0 0053 Shanghai --> DATA player 1 data for seq 1 - header:10001011, data size:3
GAME #0 0053 Shanghai --> SEQ Full sequence starting, last sequence time: 197 ms
DEBUG GAME PKT: 03 03 00 00 F9 - Seq=0 Plr=0 Msg=3
GAME #0 0053 Shanghai --> DATA player 0 data for seq 0 - header:00000011, data size:3
DEBUG GAME PKT: 03 0B 00 00 F9 - Seq=0 Plr=1 Msg=3
GAME #0 0053 Shanghai --> DATA player 1 data for seq 0 - header:00001011, data size:3
DEBUG GAME PKT: 03 83 00 00 79 - Seq=1 Plr=0 Msg=3
GAME #0 0053 Shanghai --> DATA player 0 data for seq 1 - header:10000011, data size:3
DEBUG GAME PKT: 03 8B 00 00 79 - Seq=1 Plr=1 Msg=3
GAME #0 0053 Shanghai --> DATA player 1 data for seq 1 - header:10001011, data size:3
GAME #0 0053 Shanghai --> SEQ Full sequence starting, last sequence time: 96 ms
DEBUG GAME PKT: 03 03 00 00 F9 - Seq=0 Plr=0 Msg=3
GAME #0 0053 Shanghai --> DATA player 0 data for seq 0 - header:00000011, data size:3
DEBUG GAME PKT: 03 0B 00 00 F9 - Seq=0 Plr=1 Msg=3
GAME #0 0053 Shanghai --> DATA player 1 data for seq 0 - header:00001011, data size:3
DEBUG GAME PKT: 03 83 00 00 79 - Seq=1 Plr=0 Msg=3
GAME #0 0053 Shanghai --> DATA player 0 data for seq 1 - header:10000011, data size:3
DEBUG GAME PKT: 03 8B 00 00 79 - Seq=1 Plr=1 Msg=3
GAME #0 0053 Shanghai --> DATA player 1 data for seq 1 - header:10001011, data size:3
GAME #0 0053 Shanghai --> SEQ Full sequence starting, last sequence time: 99 ms
DEBUG GAME PKT: 03 03 00 00 F9 - Seq=0 Plr=0 Msg=3
GAME #0 0053 Shanghai --> DATA player 0 data for seq 0 - header:00000011, data size:3
DEBUG GAME PKT: 03 0B 00 00 F9 - Seq=0 Plr=1 Msg=3
GAME #0 0053 Shanghai --> DATA player 1 data for seq 0 - header:00001011, data size:3
DEBUG GAME PKT: 03 83 00 00 79 - Seq=1 Plr=0 Msg=3
GAME #0 0053 Shanghai --> DATA player 0 data for seq 1 - header:10000011, data size:3
DEBUG GAME PKT: 03 8B 00 00 79 - Seq=1 Plr=1 Msg=3
GAME #0 0053 Shanghai --> DATA player 1 data for seq 1 - header:10001011, data size:3
GAME #0 0053 Shanghai --> SEQ Full sequence starting, last sequence time: 100 ms
DEBUG GAME PKT: 03 03 00 00 F9 - Seq=0 Plr=0 Msg=3
GAME #0 0053 Shanghai --> DATA player 0 data for seq 0 - header:00000011, data size:3
DEBUG GAME PKT: 03 0B 00 00 F9 - Seq=0 Plr=1 Msg=3
GAME #0 0053 Shanghai --> DATA player 1 data for seq 0 - header:00001011, data size:3
DEBUG GAME PKT: 03 83 00 00 79 - Seq=1 Plr=0 Msg=3
GAME #0 0053 Shanghai --> DATA player 0 data for seq 1 - header:10000011, data size:3
DEBUG GAME PKT: 03 8B 00 00 79 - Seq=1 Plr=1 Msg=3
GAME #0 0053 Shanghai --> DATA player 1 data for seq 1 - header:10001011, data size:3
GAME #0 0053 Shanghai --> SEQ Full sequence starting, last sequence time: 101 ms
DEBUG GAME PKT: 03 03 00 00 F9 - Seq=0 Plr=0 Msg=3
GAME #0 0053 Shanghai --> DATA player 0 data for seq 0 - header:00000011, data size:3
DEBUG GAME PKT: 03 0B 00 00 F9 - Seq=0 Plr=1 Msg=3
GAME #0 0053 Shanghai --> DATA player 1 data for seq 0 - header:00001011, data size:3
DEBUG GAME PKT: 03 83 00 00 79 - Seq=1 Plr=0 Msg=3
GAME #0 0053 Shanghai --> DATA player 0 data for seq 1 - header:10000011, data size:3
DEBUG GAME PKT: 03 8B 00 00 79 - Seq=1 Plr=1 Msg=3
GAME #0 0053 Shanghai --> DATA player 1 data for seq 1 - header:10001011, data size:3
GAME #0 0053 Shanghai --> SEQ Full sequence starting, last sequence time: 100 ms
DEBUG GAME PKT: 03 03 00 00 F9 - Seq=0 Plr=0 Msg=3
GAME #0 0053 Shanghai --> DATA player 0 data for seq 0 - header:00000011, data size:3
DEBUG GAME PKT: 03 0B 00 00 F9 - Seq=0 Plr=1 Msg=3
GAME #0 0053 Shanghai --> DATA player 1 data for seq 0 - header:00001011, data size:3
DEBUG GAME PKT: 03 83 00 00 79 - Seq=1 Plr=0 Msg=3
GAME #0 0053 Shanghai --> DATA player 0 data for seq 1 - header:10000011, data size:3
DEBUG GAME PKT: 03 8B 00 00 79 - Seq=1 Plr=1 Msg=3
GAME #0 0053 Shanghai --> DATA player 1 data for seq 1 - header:10001011, data size:3
GAME #0 0053 Shanghai --> SEQ Full sequence starting, last sequence time: 99 ms
DEBUG GAME PKT: 03 03 00 00 F9 - Seq=0 Plr=0 Msg=3
GAME #0 0053 Shanghai --> DATA player 0 data for seq 0 - header:00000011, data size:3
DEBUG GAME PKT: 03 0B 00 00 F9 - Seq=0 Plr=1 Msg=3
GAME #0 0053 Shanghai --> DATA player 1 data for seq 0 - header:00001011, data size:3
DEBUG GAME PKT: 03 83 00 00 79 - Seq=1 Plr=0 Msg=3
GAME #0 0053 Shanghai --> DATA player 0 data for seq 1 - header:10000011, data size:3
DEBUG GAME PKT: 03 8B 00 00 79 - Seq=1 Plr=1 Msg=3
GAME #0 0053 Shanghai --> DATA player 1 data for seq 1 - header:10001011, data size:3
GAME #0 0053 Shanghai --> SEQ Full sequence starting, last sequence time: 104 ms
DEBUG GAME PKT: 03 03 00 00 F9 - Seq=0 Plr=0 Msg=3
GAME #0 0053 Shanghai --> DATA player 0 data for seq 0 - header:00000011, data size:3
DEBUG GAME PKT: 03 0B 00 00 F9 - Seq=0 Plr=1 Msg=3
GAME #0 0053 Shanghai --> DATA player 1 data for seq 0 - header:00001011, data size:3
DEBUG GAME PKT: 03 83 00 00 79 - Seq=1 Plr=0 Msg=3
GAME #0 0053 Shanghai --> DATA player 0 data for seq 1 - header:10000011, data size:3
DEBUG GAME PKT: 03 8B 00 00 79 - Seq=1 Plr=1 Msg=3
GAME #0 0053 Shanghai --> DATA player 1 data for seq 1 - header:10001011, data size:3
GAME #0 0053 Shanghai --> SEQ Full sequence starting, last sequence time: 100 ms
DEBUG GAME PKT: 03 03 00 00 F9 - Seq=0 Plr=0 Msg=3
GAME #0 0053 Shanghai --> DATA player 0 data for seq 0 - header:00000011, data size:3
DEBUG GAME PKT: 03 0B 00 00 F9 - Seq=0 Plr=1 Msg=3
GAME #0 0053 Shanghai --> DATA player 1 data for seq 0 - header:00001011, data size:3
DEBUG GAME PKT: 03 83 00 00 79 - Seq=1 Plr=0 Msg=3
GAME #0 0053 Shanghai --> DATA player 0 data for seq 1 - header:10000011, data size:3
DEBUG GAME PKT: 03 8B 00 00 79 - Seq=1 Plr=1 Msg=3
GAME #0 0053 Shanghai --> DATA player 1 data for seq 1 - header:10001011, data size:3
GAME #0 0053 Shanghai --> SEQ Full sequence starting, last sequence time: 96 ms
DEBUG GAME PKT: 03 03 00 00 F9 - Seq=0 Plr=0 Msg=3
GAME #0 0053 Shanghai --> DATA player 0 data for seq 0 - header:00000011, data size:3
DEBUG GAME PKT: 03 0B 00 00 F9 - Seq=0 Plr=1 Msg=3
GAME #0 0053 Shanghai --> DATA player 1 data for seq 0 - header:00001011, data size:3
DEBUG GAME PKT: 03 83 00 00 79 - Seq=1 Plr=0 Msg=3
GAME #0 0053 Shanghai --> DATA player 0 data for seq 1 - header:10000011, data size:3
DEBUG GAME PKT: 03 8B 00 00 79 - Seq=1 Plr=1 Msg=3
GAME #0 0053 Shanghai --> DATA player 1 data for seq 1 - header:10001011, data size:3
GAME #0 0053 Shanghai --> SEQ Full sequence starting, last sequence time: 104 ms
DEBUG GAME PKT: 03 03 00 00 F9 - Seq=0 Plr=0 Msg=3
GAME #0 0053 Shanghai --> DATA player 0 data for seq 0 - header:00000011, data size:3
DEBUG GAME PKT: 03 0B 00 00 F9 - Seq=0 Plr=1 Msg=3
GAME #0 0053 Shanghai --> DATA player 1 data for seq 0 - header:00001011, data size:3
DEBUG GAME PKT: 03 83 00 00 79 - Seq=1 Plr=0 Msg=3
GAME #0 0053 Shanghai --> DATA player 0 data for seq 1 - header:10000011, data size:3
DEBUG GAME PKT: 03 8B 00 00 79 - Seq=1 Plr=1 Msg=3
GAME #0 0053 Shanghai --> DATA player 1 data for seq 1 - header:10001011, data size:3
GAME #0 0053 Shanghai --> SEQ Full sequence starting, last sequence time: 98 ms
DEBUG GAME PKT: 03 03 00 00 F9 - Seq=0 Plr=0 Msg=3
GAME #0 0053 Shanghai --> DATA player 0 data for seq 0 - header:00000011, data size:3
DEBUG GAME PKT: 03 0B 00 00 F9 - Seq=0 Plr=1 Msg=3
GAME #0 0053 Shanghai --> DATA player 1 data for seq 0 - header:00001011, data size:3
DEBUG GAME PKT: 03 83 00 00 79 - Seq=1 Plr=0 Msg=3
GAME #0 0053 Shanghai --> DATA player 0 data for seq 1 - header:10000011, data size:3
DEBUG GAME PKT: 03 8B 00 00 79 - Seq=1 Plr=1 Msg=3
GAME #0 0053 Shanghai --> DATA player 1 data for seq 1 - header:10001011, data size:3
GAME #0 0053 Shanghai --> SEQ Full sequence starting, last sequence time: 99 ms
DEBUG GAME PKT: 03 03 00 00 F9 - Seq=0 Plr=0 Msg=3
GAME #0 0053 Shanghai --> DATA player 0 data for seq 0 - header:00000011, data size:3
DEBUG GAME PKT: 01 03 00 - Seq=0 Plr=0 Msg=3
GAME #0 0053 Shanghai --> DATA player 0 data for seq 0 - header:00000011, data size:1
DEBUG GAME PKT: 01 03 00 - Seq=0 Plr=0 Msg=3
GAME #0 0053 Shanghai --> DATA player 0 data for seq 0 - header:00000011, data size:1
DEBUG GAME PKT: 03 0B 00 00 F1 - Seq=0 Plr=1 Msg=3
GAME #0 0053 Shanghai --> DATA player 1 data for seq 0 - header:00001011, data size:3
DEBUG GAME PKT: 03 03 00 00 F9 - Seq=0 Plr=0 Msg=3
GAME #0 0053 Shanghai --> DATA player 0 data for seq 0 - header:00000011, data size:3
DEBUG GAME PKT: 03 0B 00 00 F9 - Seq=0 Plr=1 Msg=3
GAME #0 0053 Shanghai --> DATA player 1 data for seq 0 - header:00001011, data size:3
DEBUG GAME PKT: 03 83 00 00 79 - Seq=1 Plr=0 Msg=3
GAME #0 0053 Shanghai --> DATA player 0 data for seq 1 - header:10000011, data size:3
DEBUG GAME PKT: 03 8B 00 00 79 - Seq=1 Plr=1 Msg=3
GAME #0 0053 Shanghai --> DATA player 1 data for seq 1 - header:10001011, data size:3
GAME #0 0053 Shanghai --> SEQ Full sequence starting, last sequence time: 218 ms
DEBUG GAME PKT: 03 03 00 00 F9 - Seq=0 Plr=0 Msg=3
GAME #0 0053 Shanghai --> DATA player 0 data for seq 0 - header:00000011, data size:3
DEBUG GAME PKT: 03 0B 00 00 F9 - Seq=0 Plr=1 Msg=3
GAME #0 0053 Shanghai --> DATA player 1 data for seq 0 - header:00001011, data size:3
DEBUG GAME PKT: 03 83 00 00 79 - Seq=1 Plr=0 Msg=3
GAME #0 0053 Shanghai --> DATA player 0 data for seq 1 - header:10000011, data size:3
DEBUG GAME PKT: 03 8B 00 00 79 - Seq=1 Plr=1 Msg=3
GAME #0 0053 Shanghai --> DATA player 1 data for seq 1 - header:10001011, data size:3
GAME #0 0053 Shanghai --> SEQ Full sequence starting, last sequence time: 83 ms
DEBUG GAME PKT: 03 03 00 00 F9 - Seq=0 Plr=0 Msg=3
GAME #0 0053 Shanghai --> DATA player 0 data for seq 0 - header:00000011, data size:3
DEBUG GAME PKT: 03 0B 00 00 F9 - Seq=0 Plr=1 Msg=3
GAME #0 0053 Shanghai --> DATA player 1 data for seq 0 - header:00001011, data size:3
DEBUG GAME PKT: 03 83 00 00 79 - Seq=1 Plr=0 Msg=3
GAME #0 0053 Shanghai --> DATA player 0 data for seq 1 - header:10000011, data size:3
DEBUG GAME PKT: 03 8B 00 00 79 - Seq=1 Plr=1 Msg=3
GAME #0 0053 Shanghai --> DATA player 1 data for seq 1 - header:10001011, data size:3
GAME #0 0053 Shanghai --> SEQ Full sequence starting, last sequence time: 114 ms
DEBUG GAME PKT: 03 03 00 00 F9 - Seq=0 Plr=0 Msg=3
GAME #0 0053 Shanghai --> DATA player 0 data for seq 0 - header:00000011, data size:3
DEBUG GAME PKT: 03 0B 00 00 F9 - Seq=0 Plr=1 Msg=3
GAME #0 0053 Shanghai --> DATA player 1 data for seq 0 - header:00001011, data size:3
DEBUG GAME PKT: 03 83 00 00 79 - Seq=1 Plr=0 Msg=3
GAME #0 0053 Shanghai --> DATA player 0 data for seq 1 - header:10000011, data size:3
DEBUG GAME PKT: 03 8B 00 00 79 - Seq=1 Plr=1 Msg=3
GAME #0 0053 Shanghai --> DATA player 1 data for seq 1 - header:10001011, data size:3
GAME #0 0053 Shanghai --> SEQ Full sequence starting, last sequence time: 85 ms
DEBUG GAME PKT: 03 03 00 00 F9 - Seq=0 Plr=0 Msg=3
GAME #0 0053 Shanghai --> DATA player 0 data for seq 0 - header:00000011, data size:3
DEBUG GAME PKT: 03 0B 00 00 F9 - Seq=0 Plr=1 Msg=3
GAME #0 0053 Shanghai --> DATA player 1 data for seq 0 - header:00001011, data size:3
DEBUG GAME PKT: 03 83 00 00 79 - Seq=1 Plr=0 Msg=3
GAME #0 0053 Shanghai --> DATA player 0 data for seq 1 - header:10000011, data size:3
DEBUG GAME PKT: 03 8B 00 00 79 - Seq=1 Plr=1 Msg=3
GAME #0 0053 Shanghai --> DATA player 1 data for seq 1 - header:10001011, data size:3
GAME #0 0053 Shanghai --> SEQ Full sequence starting, last sequence time: 102 ms
DEBUG GAME PKT: 03 03 00 00 F9 - Seq=0 Plr=0 Msg=3
GAME #0 0053 Shanghai --> DATA player 0 data for seq 0 - header:00000011, data size:3
DEBUG GAME PKT: 03 0B 00 00 F9 - Seq=0 Plr=1 Msg=3
GAME #0 0053 Shanghai --> DATA player 1 data for seq 0 - header:00001011, data size:3
DEBUG GAME PKT: 03 83 00 00 79 - Seq=1 Plr=0 Msg=3
GAME #0 0053 Shanghai --> DATA player 0 data for seq 1 - header:10000011, data size:3
DEBUG GAME PKT: 03 8B 00 00 79 - Seq=1 Plr=1 Msg=3
GAME #0 0053 Shanghai --> DATA player 1 data for seq 1 - header:10001011, data size:3
GAME #0 0053 Shanghai --> SEQ Full sequence starting, last sequence time: 107 ms
DEBUG GAME PKT: 03 03 00 00 F9 - Seq=0 Plr=0 Msg=3
GAME #0 0053 Shanghai --> DATA player 0 data for seq 0 - header:00000011, data size:3
DEBUG GAME PKT: 03 0B 00 00 F9 - Seq=0 Plr=1 Msg=3
GAME #0 0053 Shanghai --> DATA player 1 data for seq 0 - header:00001011, data size:3
DEBUG GAME PKT: 03 83 00 00 79 - Seq=1 Plr=0 Msg=3
GAME #0 0053 Shanghai --> DATA player 0 data for seq 1 - header:10000011, data size:3
DEBUG GAME PKT: 03 8B 00 00 79 - Seq=1 Plr=1 Msg=3
GAME #0 0053 Shanghai --> DATA player 1 data for seq 1 - header:10001011, data size:3
GAME #0 0053 Shanghai --> SEQ Full sequence starting, last sequence time: 97 ms
DEBUG GAME PKT: 03 03 00 00 F9 - Seq=0 Plr=0 Msg=3
GAME #0 0053 Shanghai --> DATA player 0 data for seq 0 - header:00000011, data size:3
DEBUG GAME PKT: 03 0B 00 00 F9 - Seq=0 Plr=1 Msg=3
GAME #0 0053 Shanghai --> DATA player 1 data for seq 0 - header:00001011, data size:3
DEBUG GAME PKT: 03 03 00 00 F9 - Seq=0 Plr=0 Msg=3
GAME #0 0053 Shanghai --> DATA player 0 data for seq 0 - header:00000011, data size:3
DEBUG GAME PKT: 03 0B 00 00 F9 - Seq=0 Plr=1 Msg=3
GAME #0 0053 Shanghai --> DATA player 1 data for seq 0 - header:00001011, data size:3
DEBUG GAME PKT: 03 83 00 00 79 - Seq=1 Plr=0 Msg=3
GAME #0 0053 Shanghai --> DATA player 0 data for seq 1 - header:10000011, data size:3
DEBUG GAME PKT: 03 8B 00 00 79 - Seq=1 Plr=1 Msg=3
GAME #0 0053 Shanghai --> DATA player 1 data for seq 1 - header:10001011, data size:3
GAME #0 0053 Shanghai --> SEQ Full sequence starting, last sequence time: 195 ms
DEBUG GAME PKT: 03 03 00 00 F9 - Seq=0 Plr=0 Msg=3
GAME #0 0053 Shanghai --> DATA player 0 data for seq 0 - header:00000011, data size:3
DEBUG GAME PKT: 03 0B 00 00 F9 - Seq=0 Plr=1 Msg=3
GAME #0 0053 Shanghai --> DATA player 1 data for seq 0 - header:00001011, data size:3
DEBUG GAME PKT: 03 83 00 00 79 - Seq=1 Plr=0 Msg=3
GAME #0 0053 Shanghai --> DATA player 0 data for seq 1 - header:10000011, data size:3
DEBUG GAME PKT: 03 8B 00 00 79 - Seq=1 Plr=1 Msg=3
GAME #0 0053 Shanghai --> DATA player 1 data for seq 1 - header:10001011, data size:3
GAME #0 0053 Shanghai --> SEQ Full sequence starting, last sequence time: 100 ms
DEBUG GAME PKT: 03 03 00 00 F9 - Seq=0 Plr=0 Msg=3
GAME #0 0053 Shanghai --> DATA player 0 data for seq 0 - header:00000011, data size:3
DEBUG GAME PKT: 03 0B 00 00 F9 - Seq=0 Plr=1 Msg=3
GAME #0 0053 Shanghai --> DATA player 1 data for seq 0 - header:00001011, data size:3
DEBUG GAME PKT: 03 83 00 00 79 - Seq=1 Plr=0 Msg=3
GAME #0 0053 Shanghai --> DATA player 0 data for seq 1 - header:10000011, data size:3
DEBUG GAME PKT: 03 8B 00 00 79 - Seq=1 Plr=1 Msg=3
GAME #0 0053 Shanghai --> DATA player 1 data for seq 1 - header:10001011, data size:3
GAME #0 0053 Shanghai --> SEQ Full sequence starting, last sequence time: 102 ms
DEBUG GAME PKT: 03 03 00 00 F9 - Seq=0 Plr=0 Msg=3
GAME #0 0053 Shanghai --> DATA player 0 data for seq 0 - header:00000011, data size:3
DEBUG GAME PKT: 03 0B 00 00 F9 - Seq=0 Plr=1 Msg=3
GAME #0 0053 Shanghai --> DATA player 1 data for seq 0 - header:00001011, data size:3
DEBUG GAME PKT: 03 03 00 00 F9 - Seq=0 Plr=0 Msg=3
GAME #0 0053 Shanghai --> DATA player 0 data for seq 0 - header:00000011, data size:3
DEBUG GAME PKT: 03 0B 00 00 F9 - Seq=0 Plr=1 Msg=3
GAME #0 0053 Shanghai --> DATA player 1 data for seq 0 - header:00001011, data size:3
DEBUG GAME PKT: 03 83 00 00 79 - Seq=1 Plr=0 Msg=3
GAME #0 0053 Shanghai --> DATA player 0 data for seq 1 - header:10000011, data size:3
DEBUG GAME PKT: 03 8B 00 00 79 - Seq=1 Plr=1 Msg=3
GAME #0 0053 Shanghai --> DATA player 1 data for seq 1 - header:10001011, data size:3
GAME #0 0053 Shanghai --> SEQ Full sequence starting, last sequence time: 199 ms
DEBUG GAME PKT: 03 03 00 00 F9 - Seq=0 Plr=0 Msg=3
GAME #0 0053 Shanghai --> DATA player 0 data for seq 0 - header:00000011, data size:3
DEBUG GAME PKT: 03 0B 00 00 F9 - Seq=0 Plr=1 Msg=3
GAME #0 0053 Shanghai --> DATA player 1 data for seq 0 - header:00001011, data size:3
DEBUG GAME PKT: 03 83 00 00 79 - Seq=1 Plr=0 Msg=3
GAME #0 0053 Shanghai --> DATA player 0 data for seq 1 - header:10000011, data size:3
DEBUG GAME PKT: 03 8B 00 00 79 - Seq=1 Plr=1 Msg=3
GAME #0 0053 Shanghai --> DATA player 1 data for seq 1 - header:10001011, data size:3
GAME #0 0053 Shanghai --> SEQ Full sequence starting, last sequence time: 101 ms
DEBUG GAME PKT: 03 03 00 00 F9 - Seq=0 Plr=0 Msg=3
GAME #0 0053 Shanghai --> DATA player 0 data for seq 0 - header:00000011, data size:3
DEBUG GAME PKT: 03 0B 00 00 F9 - Seq=0 Plr=1 Msg=3
GAME #0 0053 Shanghai --> DATA player 1 data for seq 0 - header:00001011, data size:3
DEBUG GAME PKT: 03 83 00 00 79 - Seq=1 Plr=0 Msg=3
GAME #0 0053 Shanghai --> DATA player 0 data for seq 1 - header:10000011, data size:3
DEBUG GAME PKT: 03 8B 00 00 79 - Seq=1 Plr=1 Msg=3
GAME #0 0053 Shanghai --> DATA player 1 data for seq 1 - header:10001011, data size:3
GAME #0 0053 Shanghai --> SEQ Full sequence starting, last sequence time: 100 ms
DEBUG GAME PKT: 03 03 00 00 F9 - Seq=0 Plr=0 Msg=3
GAME #0 0053 Shanghai --> DATA player 0 data for seq 0 - header:00000011, data size:3
DEBUG GAME PKT: 03 0B 00 00 F9 - Seq=0 Plr=1 Msg=3
GAME #0 0053 Shanghai --> DATA player 1 data for seq 0 - header:00001011, data size:3
DEBUG GAME PKT: 03 83 00 00 79 - Seq=1 Plr=0 Msg=3
GAME #0 0053 Shanghai --> DATA player 0 data for seq 1 - header:10000011, data size:3
DEBUG GAME PKT: 03 8B 00 00 79 - Seq=1 Plr=1 Msg=3
GAME #0 0053 Shanghai --> DATA player 1 data for seq 1 - header:10001011, data size:3
GAME #0 0053 Shanghai --> SEQ Full sequence starting, last sequence time: 99 ms
DEBUG GAME PKT: 03 03 00 00 F9 - Seq=0 Plr=0 Msg=3
GAME #0 0053 Shanghai --> DATA player 0 data for seq 0 - header:00000011, data size:3
DEBUG GAME PKT: 03 0B 00 00 F9 - Seq=0 Plr=1 Msg=3
GAME #0 0053 Shanghai --> DATA player 1 data for seq 0 - header:00001011, data size:3
DEBUG GAME PKT: 03 83 00 00 79 - Seq=1 Plr=0 Msg=3
GAME #0 0053 Shanghai --> DATA player 0 data for seq 1 - header:10000011, data size:3
DEBUG GAME PKT: 03 8B 00 00 79 - Seq=1 Plr=1 Msg=3
GAME #0 0053 Shanghai --> DATA player 1 data for seq 1 - header:10001011, data size:3
GAME #0 0053 Shanghai --> SEQ Full sequence starting, last sequence time: 99 ms
DEBUG GAME PKT: 03 03 00 00 F9 - Seq=0 Plr=0 Msg=3
GAME #0 0053 Shanghai --> DATA player 0 data for seq 0 - header:00000011, data size:3
DEBUG GAME PKT: 03 0B 00 00 F9 - Seq=0 Plr=1 Msg=3
GAME #0 0053 Shanghai --> DATA player 1 data for seq 0 - header:00001011, data size:3
DEBUG GAME PKT: 03 83 00 00 79 - Seq=1 Plr=0 Msg=3
GAME #0 0053 Shanghai --> DATA player 0 data for seq 1 - header:10000011, data size:3
DEBUG GAME PKT: 03 8B 00 00 79 - Seq=1 Plr=1 Msg=3
GAME #0 0053 Shanghai --> DATA player 1 data for seq 1 - header:10001011, data size:3
GAME #0 0053 Shanghai --> SEQ Full sequence starting, last sequence time: 101 ms
DEBUG GAME PKT: 03 03 00 00 F9 - Seq=0 Plr=0 Msg=3
GAME #0 0053 Shanghai --> DATA player 0 data for seq 0 - header:00000011, data size:3
DEBUG GAME PKT: 03 0B 00 00 F9 - Seq=0 Plr=1 Msg=3
GAME #0 0053 Shanghai --> DATA player 1 data for seq 0 - header:00001011, data size:3
DEBUG GAME PKT: 03 83 00 00 79 - Seq=1 Plr=0 Msg=3
GAME #0 0053 Shanghai --> DATA player 0 data for seq 1 - header:10000011, data size:3
DEBUG GAME PKT: 03 8B 00 00 79 - Seq=1 Plr=1 Msg=3
GAME #0 0053 Shanghai --> DATA player 1 data for seq 1 - header:10001011, data size:3
GAME #0 0053 Shanghai --> SEQ Full sequence starting, last sequence time: 101 ms
DEBUG GAME PKT: 03 03 00 00 F9 - Seq=0 Plr=0 Msg=3
GAME #0 0053 Shanghai --> DATA player 0 data for seq 0 - header:00000011, data size:3
DEBUG GAME PKT: 03 0B 00 00 F9 - Seq=0 Plr=1 Msg=3
GAME #0 0053 Shanghai --> DATA player 1 data for seq 0 - header:00001011, data size:3
DEBUG GAME PKT: 03 83 00 00 79 - Seq=1 Plr=0 Msg=3
GAME #0 0053 Shanghai --> DATA player 0 data for seq 1 - header:10000011, data size:3
DEBUG GAME PKT: 03 8B 00 00 79 - Seq=1 Plr=1 Msg=3
GAME #0 0053 Shanghai --> DATA player 1 data for seq 1 - header:10001011, data size:3
GAME #0 0053 Shanghai --> SEQ Full sequence starting, last sequence time: 99 ms
DEBUG GAME PKT: 03 03 00 00 F9 - Seq=0 Plr=0 Msg=3
GAME #0 0053 Shanghai --> DATA player 0 data for seq 0 - header:00000011, data size:3
DEBUG GAME PKT: 03 0B 00 00 F9 - Seq=0 Plr=1 Msg=3
GAME #0 0053 Shanghai --> DATA player 1 data for seq 0 - header:00001011, data size:3
DEBUG GAME PKT: 03 83 00 00 79 - Seq=1 Plr=0 Msg=3
GAME #0 0053 Shanghai --> DATA player 0 data for seq 1 - header:10000011, data size:3
DEBUG GAME PKT: 03 8B 00 00 79 - Seq=1 Plr=1 Msg=3
GAME #0 0053 Shanghai --> DATA player 1 data for seq 1 - header:10001011, data size:3
GAME #0 0053 Shanghai --> SEQ Full sequence starting, last sequence time: 100 ms
DEBUG GAME PKT: 03 03 00 00 F9 - Seq=0 Plr=0 Msg=3
GAME #0 0053 Shanghai --> DATA player 0 data for seq 0 - header:00000011, data size:3
DEBUG GAME PKT: 03 0B 00 00 F9 - Seq=0 Plr=1 Msg=3
GAME #0 0053 Shanghai --> DATA player 1 data for seq 0 - header:00001011, data size:3
DEBUG GAME PKT: 03 83 00 00 79 - Seq=1 Plr=0 Msg=3
GAME #0 0053 Shanghai --> DATA player 0 data for seq 1 - header:10000011, data size:3
DEBUG GAME PKT: 03 8B 00 00 79 - Seq=1 Plr=1 Msg=3
GAME #0 0053 Shanghai --> DATA player 1 data for seq 1 - header:10001011, data size:3
GAME #0 0053 Shanghai --> SEQ Full sequence starting, last sequence time: 101 ms
DEBUG GAME PKT: 03 03 00 00 F9 - Seq=0 Plr=0 Msg=3
GAME #0 0053 Shanghai --> DATA player 0 data for seq 0 - header:00000011, data size:3
DEBUG GAME PKT: 03 0B 00 00 F9 - Seq=0 Plr=1 Msg=3
GAME #0 0053 Shanghai --> DATA player 1 data for seq 0 - header:00001011, data size:3
DEBUG GAME PKT: 03 83 00 00 79 - Seq=1 Plr=0 Msg=3
GAME #0 0053 Shanghai --> DATA player 0 data for seq 1 - header:10000011, data size:3
DEBUG GAME PKT: 03 8B 00 00 79 - Seq=1 Plr=1 Msg=3
GAME #0 0053 Shanghai --> DATA player 1 data for seq 1 - header:10001011, data size:3
GAME #0 0053 Shanghai --> SEQ Full sequence starting, last sequence time: 111 ms
DEBUG GAME PKT: 03 03 00 00 F9 - Seq=0 Plr=0 Msg=3
GAME #0 0053 Shanghai --> DATA player 0 data for seq 0 - header:00000011, data size:3
DEBUG GAME PKT: 03 0B 00 00 F9 - Seq=0 Plr=1 Msg=3
GAME #0 0053 Shanghai --> DATA player 1 data for seq 0 - header:00001011, data size:3
DEBUG GAME PKT: 03 83 00 00 79 - Seq=1 Plr=0 Msg=3
GAME #0 0053 Shanghai --> DATA player 0 data for seq 1 - header:10000011, data size:3
DEBUG GAME PKT: 03 8B 00 00 79 - Seq=1 Plr=1 Msg=3
GAME #0 0053 Shanghai --> DATA player 1 data for seq 1 - header:10001011, data size:3
GAME #0 0053 Shanghai --> SEQ Full sequence starting, last sequence time: 89 ms
DEBUG GAME PKT: 03 83 00 00 79 - Seq=1 Plr=0 Msg=3
GAME #0 0053 Shanghai --> DATA player 0 data for seq 1 - header:10000011, data size:3
DEBUG GAME PKT: 03 8B 00 00 79 - Seq=1 Plr=1 Msg=3
GAME #0 0053 Shanghai --> DATA player 1 data for seq 1 - header:10001011, data size:3
DEBUG GAME PKT: 03 03 00 00 F9 - Seq=0 Plr=0 Msg=3
GAME #0 0053 Shanghai --> DATA player 0 data for seq 0 - header:00000011, data size:3
DEBUG GAME PKT: 03 0B 00 00 F9 - Seq=0 Plr=1 Msg=3
GAME #0 0053 Shanghai --> DATA player 1 data for seq 0 - header:00001011, data size:3
GAME #0 0053 Shanghai --> SEQ Full sequence starting, last sequence time: 150 ms
DEBUG GAME PKT: 03 83 00 00 79 - Seq=1 Plr=0 Msg=3
GAME #0 0053 Shanghai --> DATA player 0 data for seq 1 - header:10000011, data size:3
DEBUG GAME PKT: 03 8B 00 00 79 - Seq=1 Plr=1 Msg=3
GAME #0 0053 Shanghai --> DATA player 1 data for seq 1 - header:10001011, data size:3
DEBUG GAME PKT: 03 03 00 00 F9 - Seq=0 Plr=0 Msg=3
GAME #0 0053 Shanghai --> DATA player 0 data for seq 0 - header:00000011, data size:3
DEBUG GAME PKT: 03 0B 00 00 F9 - Seq=0 Plr=1 Msg=3
GAME #0 0053 Shanghai --> DATA player 1 data for seq 0 - header:00001011, data size:3
GAME #0 0053 Shanghai --> SEQ Full sequence starting, last sequence time: 101 ms
DEBUG GAME PKT: 03 83 00 00 79 - Seq=1 Plr=0 Msg=3
GAME #0 0053 Shanghai --> DATA player 0 data for seq 1 - header:10000011, data size:3
DEBUG GAME PKT: 03 8B 00 00 79 - Seq=1 Plr=1 Msg=3
GAME #0 0053 Shanghai --> DATA player 1 data for seq 1 - header:10001011, data size:3
DEBUG GAME PKT: 03 03 00 00 F9 - Seq=0 Plr=0 Msg=3
GAME #0 0053 Shanghai --> DATA player 0 data for seq 0 - header:00000011, data size:3
DEBUG GAME PKT: 03 0B 00 00 F9 - Seq=0 Plr=1 Msg=3
GAME #0 0053 Shanghai --> DATA player 1 data for seq 0 - header:00001011, data size:3
GAME #0 0053 Shanghai --> SEQ Full sequence starting, last sequence time: 103 ms
DEBUG GAME PKT: 03 83 00 00 79 - Seq=1 Plr=0 Msg=3
GAME #0 0053 Shanghai --> DATA player 0 data for seq 1 - header:10000011, data size:3
DEBUG GAME PKT: 03 8B 00 00 79 - Seq=1 Plr=1 Msg=3
GAME #0 0053 Shanghai --> DATA player 1 data for seq 1 - header:10001011, data size:3
DEBUG GAME PKT: 03 03 00 00 F9 - Seq=0 Plr=0 Msg=3
GAME #0 0053 Shanghai --> DATA player 0 data for seq 0 - header:00000011, data size:3
DEBUG GAME PKT: 03 0B 00 00 F9 - Seq=0 Plr=1 Msg=3
GAME #0 0053 Shanghai --> DATA player 1 data for seq 0 - header:00001011, data size:3
GAME #0 0053 Shanghai --> SEQ Full sequence starting, last sequence time: 97 ms
DEBUG GAME PKT: 03 83 00 00 79 - Seq=1 Plr=0 Msg=3
GAME #0 0053 Shanghai --> DATA player 0 data for seq 1 - header:10000011, data size:3
DEBUG GAME PKT: 03 8B 00 00 79 - Seq=1 Plr=1 Msg=3
GAME #0 0053 Shanghai --> DATA player 1 data for seq 1 - header:10001011, data size:3
DEBUG GAME PKT: 03 03 00 00 F9 - Seq=0 Plr=0 Msg=3
GAME #0 0053 Shanghai --> DATA player 0 data for seq 0 - header:00000011, data size:3
DEBUG GAME PKT: 03 0B 00 00 F9 - Seq=0 Plr=1 Msg=3
GAME #0 0053 Shanghai --> DATA player 1 data for seq 0 - header:00001011, data size:3
GAME #0 0053 Shanghai --> SEQ Full sequence starting, last sequence time: 101 ms
DEBUG GAME PKT: 03 83 00 00 79 - Seq=1 Plr=0 Msg=3
GAME #0 0053 Shanghai --> DATA player 0 data for seq 1 - header:10000011, data size:3
DEBUG GAME PKT: 03 8B 00 00 79 - Seq=1 Plr=1 Msg=3
GAME #0 0053 Shanghai --> DATA player 1 data for seq 1 - header:10001011, data size:3
DEBUG GAME PKT: 03 03 00 00 F9 - Seq=0 Plr=0 Msg=3
GAME #0 0053 Shanghai --> DATA player 0 data for seq 0 - header:00000011, data size:3
DEBUG GAME PKT: 03 0B 00 00 F9 - Seq=0 Plr=1 Msg=3
GAME #0 0053 Shanghai --> DATA player 1 data for seq 0 - header:00001011, data size:3
GAME #0 0053 Shanghai --> SEQ Full sequence starting, last sequence time: 98 ms
DEBUG GAME PKT: 03 83 00 00 79 - Seq=1 Plr=0 Msg=3
GAME #0 0053 Shanghai --> DATA player 0 data for seq 1 - header:10000011, data size:3
DEBUG GAME PKT: 03 8B 00 00 79 - Seq=1 Plr=1 Msg=3
GAME #0 0053 Shanghai --> DATA player 1 data for seq 1 - header:10001011, data size:3
DEBUG GAME PKT: 03 03 00 00 F9 - Seq=0 Plr=0 Msg=3
GAME #0 0053 Shanghai --> DATA player 0 data for seq 0 - header:00000011, data size:3
DEBUG GAME PKT: 03 0B 00 00 F9 - Seq=0 Plr=1 Msg=3
GAME #0 0053 Shanghai --> DATA player 1 data for seq 0 - header:00001011, data size:3
GAME #0 0053 Shanghai --> SEQ Full sequence starting, last sequence time: 101 ms
DEBUG GAME PKT: 03 83 00 00 79 - Seq=1 Plr=0 Msg=3
GAME #0 0053 Shanghai --> DATA player 0 data for seq 1 - header:10000011, data size:3
DEBUG GAME PKT: 03 8B 00 00 79 - Seq=1 Plr=1 Msg=3
GAME #0 0053 Shanghai --> DATA player 1 data for seq 1 - header:10001011, data size:3
DEBUG GAME PKT: 03 03 00 00 F9 - Seq=0 Plr=0 Msg=3
GAME #0 0053 Shanghai --> DATA player 0 data for seq 0 - header:00000011, data size:3
DEBUG GAME PKT: 03 0B 00 00 F9 - Seq=0 Plr=1 Msg=3
GAME #0 0053 Shanghai --> DATA player 1 data for seq 0 - header:00001011, data size:3
GAME #0 0053 Shanghai --> SEQ Full sequence starting, last sequence time: 204 ms
DEBUG GAME PKT: 03 03 00 00 F9 - Seq=0 Plr=0 Msg=3
GAME #0 0053 Shanghai --> DATA player 0 data for seq 0 - header:00000011, data size:3
DEBUG GAME PKT: 03 0B 00 00 F9 - Seq=0 Plr=1 Msg=3
GAME #0 0053 Shanghai --> DATA player 1 data for seq 0 - header:00001011, data size:3
DEBUG GAME PKT: 03 83 00 00 79 - Seq=1 Plr=0 Msg=3
GAME #0 0053 Shanghai --> DATA player 0 data for seq 1 - header:10000011, data size:3
DEBUG GAME PKT: 03 8B 00 00 79 - Seq=1 Plr=1 Msg=3
GAME #0 0053 Shanghai --> DATA player 1 data for seq 1 - header:10001011, data size:3
GAME #0 0053 Shanghai --> SEQ Full sequence starting, last sequence time: 147 ms
DEBUG GAME PKT: 03 03 00 00 F9 - Seq=0 Plr=0 Msg=3
GAME #0 0053 Shanghai --> DATA player 0 data for seq 0 - header:00000011, data size:3
DEBUG GAME PKT: 03 0B 00 00 F9 - Seq=0 Plr=1 Msg=3
GAME #0 0053 Shanghai --> DATA player 1 data for seq 0 - header:00001011, data size:3
DEBUG GAME PKT: 03 83 00 00 79 - Seq=1 Plr=0 Msg=3
GAME #0 0053 Shanghai --> DATA player 0 data for seq 1 - header:10000011, data size:3
DEBUG GAME PKT: 03 8B 00 00 79 - Seq=1 Plr=1 Msg=3
GAME #0 0053 Shanghai --> DATA player 1 data for seq 1 - header:10001011, data size:3
GAME #0 0053 Shanghai --> SEQ Full sequence starting, last sequence time: 100 ms
DEBUG GAME PKT: 03 03 00 00 F9 - Seq=0 Plr=0 Msg=3
GAME #0 0053 Shanghai --> DATA player 0 data for seq 0 - header:00000011, data size:3
DEBUG GAME PKT: 03 0B 00 00 F9 - Seq=0 Plr=1 Msg=3
GAME #0 0053 Shanghai --> DATA player 1 data for seq 0 - header:00001011, data size:3
DEBUG GAME PKT: 03 03 00 00 F9 - Seq=0 Plr=0 Msg=3
GAME #0 0053 Shanghai --> DATA player 0 data for seq 0 - header:00000011, data size:3
DEBUG GAME PKT: 03 0B 00 00 F9 - Seq=0 Plr=1 Msg=3
GAME #0 0053 Shanghai --> DATA player 1 data for seq 0 - header:00001011, data size:3
DEBUG GAME PKT: 03 83 00 00 79 - Seq=1 Plr=0 Msg=3
GAME #0 0053 Shanghai --> DATA player 0 data for seq 1 - header:10000011, data size:3
DEBUG GAME PKT: 03 8B 00 00 79 - Seq=1 Plr=1 Msg=3
GAME #0 0053 Shanghai --> DATA player 1 data for seq 1 - header:10001011, data size:3
GAME #0 0053 Shanghai --> SEQ Full sequence starting, last sequence time: 200 ms
DEBUG GAME PKT: 03 03 00 00 F9 - Seq=0 Plr=0 Msg=3
GAME #0 0053 Shanghai --> DATA player 0 data for seq 0 - header:00000011, data size:3
DEBUG GAME PKT: 03 0B 00 00 F9 - Seq=0 Plr=1 Msg=3
GAME #0 0053 Shanghai --> DATA player 1 data for seq 0 - header:00001011, data size:3
DEBUG GAME PKT: 03 83 00 00 79 - Seq=1 Plr=0 Msg=3
GAME #0 0053 Shanghai --> DATA player 0 data for seq 1 - header:10000011, data size:3
DEBUG GAME PKT: 03 8B 00 00 79 - Seq=1 Plr=1 Msg=3
GAME #0 0053 Shanghai --> DATA player 1 data for seq 1 - header:10001011, data size:3
GAME #0 0053 Shanghai --> SEQ Full sequence starting, last sequence time: 100 ms
DEBUG GAME PKT: 03 03 00 00 F9 - Seq=0 Plr=0 Msg=3
GAME #0 0053 Shanghai --> DATA player 0 data for seq 0 - header:00000011, data size:3
DEBUG GAME PKT: 03 0B 00 00 F9 - Seq=0 Plr=1 Msg=3
GAME #0 0053 Shanghai --> DATA player 1 data for seq 0 - header:00001011, data size:3
DEBUG GAME PKT: 03 83 00 00 79 - Seq=1 Plr=0 Msg=3
GAME #0 0053 Shanghai --> DATA player 0 data for seq 1 - header:10000011, data size:3
DEBUG GAME PKT: 03 8B 00 00 79 - Seq=1 Plr=1 Msg=3
GAME #0 0053 Shanghai --> DATA player 1 data for seq 1 - header:10001011, data size:3
GAME #0 0053 Shanghai --> SEQ Full sequence starting, last sequence time: 101 ms
DEBUG GAME PKT: 03 03 00 00 F9 - Seq=0 Plr=0 Msg=3
GAME #0 0053 Shanghai --> DATA player 0 data for seq 0 - header:00000011, data size:3
DEBUG GAME PKT: 03 0B 00 00 F9 - Seq=0 Plr=1 Msg=3
GAME #0 0053 Shanghai --> DATA player 1 data for seq 0 - header:00001011, data size:3
DEBUG GAME PKT: 03 83 00 00 79 - Seq=1 Plr=0 Msg=3
GAME #0 0053 Shanghai --> DATA player 0 data for seq 1 - header:10000011, data size:3
DEBUG GAME PKT: 03 8B 00 00 79 - Seq=1 Plr=1 Msg=3
GAME #0 0053 Shanghai --> DATA player 1 data for seq 1 - header:10001011, data size:3
GAME #0 0053 Shanghai --> SEQ Full sequence starting, last sequence time: 100 ms
SERVER Shutting down.
